[3/28/2023, 3:56:09 PM] server	 employee-routes.js - empId can not be found: ${err.message}
[3/28/2023, 3:56:57 PM] server	 employee-routes.js - empId can not be found: ${err.message}
[3/28/2023, 4:50:59 PM] server	 employee-route.js - id could note be parsed: NaN
[3/28/2023, 4:50:59 PM] server	 employee-route.js - req.params must be a number: foo
[3/28/2023, 4:51:07 PM] server	 employee-route.js - NotFoundError: Not Found
[4/4/2023, 7:42:58 PM] server	 employee-route.js - Bad Request. Unable to validate req.body against defined tasksSchema
[4/4/2023, 7:48:59 PM] server	 employee-route.js - Bad Request. Unable to validate req.body against defined tasksSchema
[4/4/2023, 7:54:03 PM] server	 employee-route.js - Bad Request. Unable to validate req.body against defined taskSchema
[4/5/2023, 12:13:48 PM] server	 employee-route.js - NotFoundError: Not Found
[4/5/2023, 12:47:43 PM] server	 employee-route.js - id could note be parsed: NaN
[4/5/2023, 12:47:43 PM] server	 employee-route.js - id could not be parsed: {id}
[4/5/2023, 12:49:58 PM] server	 employee-route.js - id could note be parsed: NaN
[4/5/2023, 12:49:58 PM] server	 employee-route.js - id could not be parsed: undefined
[4/5/2023, 12:55:03 PM] server	 employee-route.js - id could note be parsed: NaN
[4/5/2023, 12:55:03 PM] server	 employee-route.js - id could not be parsed: undefined
[4/5/2023, 12:56:25 PM] server	 employee-route.js - id could note be parsed: NaN
[4/5/2023, 12:56:25 PM] server	 employee-route.js - id could not be parsed: undefined
[4/5/2023, 2:10:27 PM] server	 employee-route.js - Bad Request. Unable to verify req.body schema against tasksSchema
[4/5/2023, 2:42:07 PM] server	 employee-route.js - TaskId not found 642dbc159716a0830db97e44
[4/5/2023, 2:43:35 PM] server	 employee-route.js - TaskId not found 642dbc159716a0830db97e44:
[4/5/2023, 2:44:15 PM] server	 employee-route.js - TaskId not found 642dbc159716a0830db97e44
[4/5/2023, 2:48:11 PM] server	 employee-route.js - TaskId not found 642dbfa6ee2c2f020db5ac05
